<?xml version="1.0" encoding="UTF-8"?>
<!-- Generated by org.testng.reporters.JUnitReportReporter -->
<testsuite skipped="0" hostname="SARDqhQiyxkHOzw" name="DjangoApp.DjangoLoginTest" tests="1" failures="0" timestamp="2022-05-16T15:26:14 AEST" time="24.305" errors="0">
  <testcase name="hotelReservation" time="24.305" classname="DjangoApp.DjangoLoginTest"/>
  <system-out/>
</testsuite> <!-- DjangoApp.DjangoLoginTest -->
